<test-run name="E-Commerce Suite" duration="3.5" started="2025-03-24T22:00:00" ended="2025-03-24T22:00:03" total="6" passed="2" failed="1" inconclusive="1" skipped="1">
  <test-suite type="TestSuite" name="E-Commerce Suite" duration="3.5" result="Failed">
    <test-suite type="Test" name="Login Test" duration="1.0" result="Failed">
      <test-case name="validLogin" classname="com.ecommerce.tests.LoginTest" duration="0.2" result="Passed" />
      <test-case name="invalidLogin" classname="com.ecommerce.tests.LoginTest" duration="0.3" result="Failed">
        <failure>
          <message>Expected login to fail but it succeeded.</message>
          <stack-trace>java.lang.AssertionError: Expected login to fail at ...</stack-trace>
        </failure>
      </test-case>
    </test-suite>
    <test-suite type="Test" name="Checkout Test" duration="1.2" result="Passed">
      <test-case name="testEmptyCart" classname="com.ecommerce.tests.CheckoutTest" duration="0.0" result="Skipped">
        <reason>
          <message>Cart is empty. Test skipped.</message>
        </reason>
      </test-case>
      <test-case name="testSuccessfulCheckout" classname="com.ecommerce.tests.CheckoutTest" duration="1.2" result="Passed" />
    </test-suite>
    <test-suite type="Test" name="Payment Test" duration="0.5" result="Blocked">
      <test-case name="processPayment" classname="com.ecommerce.tests.PaymentTest" duration="0.0" result="Blocked">
        <reason>
          <message>Payment gateway unavailable. Test could not proceed.</message>
        </reason>
      </test-case>
    </test-suite>
    <test-suite type="Test" name="Discount Test" duration="0.8" result="Warning">
      <test-case name="applyDiscount" classname="com.ecommerce.tests.DiscountTest" duration="0.8" result="Warning">
        <reason>
          <message>Discount applied, but total price miscalculated.</message>
        </reason>
      </test-case>
    </test-suite>
  </test-suite>
</test-run>
